<?xml version="1.0" encoding="UTF-8"?>
<!-- Generated by org.testng.reporters.JUnitReportReporter -->
<testsuite hostname="IN00344" name="MakeMyTripAutomation.MakeMyTrip.AppTest" tests="1" failures="0" timestamp="7 Jul 2019 11:24:29 GMT" time="0.001" errors="0">
  <testcase name="testApp" time="0.001" classname="MakeMyTripAutomation.MakeMyTrip.AppTest"/>
</testsuite> <!-- MakeMyTripAutomation.MakeMyTrip.AppTest -->
